#
# A fatal error has been detected by the Java Runtime Environment:
#
#  EXCEPTION_ACCESS_VIOLATION (0xc0000005) at pc=0x00007fff932166f0, pid=18456, tid=16452
#
# JRE version: Java(TM) SE Runtime Environment (21.0.2+13) (build 21.0.2+13-LTS-58)
# Java VM: Java HotSpot(TM) 64-Bit Server VM (21.0.2+13-LTS-58, mixed mode, sharing, tiered, compressed oops, compressed class ptrs, g1 gc, windows-amd64)
# Problematic frame:
# C  [glass.dll+0x266f0]
#
# No core dump will be written. Minidumps are not enabled by default on client versions of Windows
#
# If you would like to submit a bug report, please visit:
#   https://bugreport.java.com/bugreport/crash.jsp
#

---------------  S U M M A R Y ------------

Command Line: --module-path=C:\Users\User\Documents\NetBeansProjects\Inventario\Inventario\target\classes;C:\Users\User\.m2\repository\at\favre\lib\bcrypt\0.9.0\bcrypt-0.9.0.jar;C:\Users\User\.m2\repository\com\sun\mail\javax.mail\1.6.2\javax.mail-1.6.2.jar;C:\Users\User\.m2\repository\net\sf\jasperreports\jasperreports\6.20.0\jasperreports-6.20.0.jar;C:\Users\User\.m2\repository\org\openjfx\javafx-base\13\javafx-base-13-win.jar;C:\Users\User\.m2\repository\org\openjfx\javafx-controls\13\javafx-controls-13-win.jar;C:\Users\User\.m2\repository\org\openjfx\javafx-fxml\13\javafx-fxml-13-win.jar;C:\Users\User\.m2\repository\org\openjfx\javafx-graphics\13\javafx-graphics-13-win.jar;C:\Users\User\.m2\repository\org\openjfx\javafx-swing\24-ea+5\javafx-swing-24-ea+5-win.jar --add-modules=com.mycompany.inventario -Djdk.module.main=com.mycompany.inventario com.mycompany.inventario/com.mycompany.inventario.App

Host: 11th Gen Intel(R) Core(TM) i5-1135G7 @ 2.40GHz, 8 cores, 7G,  Windows 11 , 64 bit Build 22621 (10.0.22621.3958)
Time: Wed Oct  2 22:20:38 2024 Hora estándar de Paraguay elapsed time: 58.151937 seconds (0d 0h 0m 58s)

---------------  T H R E A D  ---------------

Current thread (0x0000028dab413780):  VMThread "VM Thread"          [id=16452, stack(0x000000c5d5400000,0x000000c5d5500000) (1024K)]

Stack: [0x000000c5d5400000,0x000000c5d5500000],  sp=0x000000c5d54ff080,  free space=1020k
Native frames: (J=compiled Java code, j=interpreted, Vv=VM code, C=native code)
C  [glass.dll+0x266f0]


siginfo: EXCEPTION_ACCESS_VIOLATION (0xc0000005), reading address 0x0000000000000000


Registers:
RAX=0x0000000000000000, RBX=0x0000028dab424bba, RCX=0x0000028dab413780, RDX=0x000000c5d54ff080
RSP=0x000000c5d54ff080, RBP=0x0000028df17865a8, RSI=0x000000c5d54ff198, RDI=0x0000028df1786580
R8 =0x0000000000010002, R9 =0x0000028df1786580, R10=0x85f13e9656da4870, R11=0x000000c5d54ff020
R12=0x00007fff93213b84, R13=0x00007fff64f14720, R14=0x0000f2c9519a52e8, R15=0x0000028df1786580
RIP=0x00007fff932166f0, EFLAGS=0x0000000000010206


Register to memory mapping:

RAX=0x0 is null
RBX=0x0000028dab424bba is a global jni handle
RCX=0x0000028dab413780 points into unknown readable memory: 0x00007fff64d26038 | 38 60 d2 64 ff 7f 00 00
RDX=0x000000c5d54ff080 points into unknown readable memory: 0x0000000000000000 | 00 00 00 00 00 00 00 00
RSP=0x000000c5d54ff080 points into unknown readable memory: 0x0000000000000000 | 00 00 00 00 00 00 00 00
RBP=0x0000028df17865a8 points into unknown readable memory: 0x0000f2c9519a52e8 | e8 52 9a 51 c9 f2 00 00
RSI=0x000000c5d54ff198 points into unknown readable memory: 0x000000c5d54ff180 | 80 f1 4f d5 c5 00 00 00
RDI=0x0000028df1786580 points into unknown readable memory: 0x21369ec951e5ad7b | 7b ad e5 51 c9 9e 36 21
R8 =0x0000000000010002 is an unknown value
R9 =0x0000028df1786580 points into unknown readable memory: 0x21369ec951e5ad7b | 7b ad e5 51 c9 9e 36 21
R10=0x85f13e9656da4870 is an unknown value
R11=0x000000c5d54ff020 points into unknown readable memory: 0x0000028df1786580 | 80 65 78 f1 8d 02 00 00
R12=0x00007fff93213b84 glass.dll
R13=0x00007fff64f14720 jvm.dll
R14=0x0000f2c9519a52e8 is an unknown value
R15=0x0000028df1786580 points into unknown readable memory: 0x21369ec951e5ad7b | 7b ad e5 51 c9 9e 36 21

Top of Stack: (sp=0x000000c5d54ff080)
0x000000c5d54ff080:   0000000000000000 00007fffe3a5364b
0x000000c5d54ff090:   0000028df1786590 000000c5d54ff198
0x000000c5d54ff0a0:   fffffffffffffffe 00007fff93213b84
0x000000c5d54ff0b0:   0000028df1786588 00007fffe3a93a93
0x000000c5d54ff0c0:   0000028df1786590 000000c500000000
0x000000c5d54ff0d0:   0000028df17865a8 000000c5d54ff198
0x000000c5d54ff0e0:   fffffffffffffffe 0000000000000000
0x000000c5d54ff0f0:   0000000000000001 00007fff931f0000
0x000000c5d54ff100:   000000c5d54ff188 00007fffe3a6042e
0x000000c5d54ff110:   0000000000000000 000000c5d54ff198
0x000000c5d54ff120:   000000c5d54ff470 0000000000000001
0x000000c5d54ff130:   0000000000000000 00007fffe3a5dddd
0x000000c5d54ff140:   0000000000000000 00007fff93213259
0x000000c5d54ff150:   00007fff00000001 000000c5d54ff188
0x000000c5d54ff160:   fffffffffffffffe 00007fffe5f16b17
0x000000c5d54ff170:   0000000000000000 00007fff93213a12
0x000000c5d54ff180:   00007fff9322d118 0000000000000002
0x000000c5d54ff190:   0000000000000002 000000c5d54ff180
0x000000c5d54ff1a0:   0000000000000000 00007fff93213b38
0x000000c5d54ff1b0:   0000000000000001 0000000000000600
0x000000c5d54ff1c0:   0000000000000001 0000000000000000
0x000000c5d54ff1d0:   0000000000000001 00007fffe3dd2061
0x000000c5d54ff1e0:   00007fff00000001 0000000000000000
0x000000c5d54ff1f0:   00007fff931f0000 000000007ffe0384
0x000000c5d54ff200:   0000000000000000 00007fffe5f18b7f
0x000000c5d54ff210:   00007fff931f0000 0000000000000000
0x000000c5d54ff220:   0000000000000001 000000007ffe0385
0x000000c5d54ff230:   00007fffe6027940 00007fffd23c15c0
0x000000c5d54ff240:   0000f4db1afe1900 00007fffd0eb0000
0x000000c5d54ff250:   00007fff93213b84 0000000000000000
0x000000c5d54ff260:   0000000000000000 000000c5d49d4000
0x000000c5d54ff270:   0000028df1c2dfe0 00007fffe5f41586 

Instructions: (pc=0x00007fff932166f0)
0x00007fff932165f0:   8b 4d 60 e8 98 c9 ff ff 48 8b 55 68 48 8b 8d 08
0x00007fff93216600:   01 00 00 e8 49 be ff ff 33 d2 33 c9 e8 49 de ff
0x00007fff93216610:   ff 90 cc cc cc cc cc cc cc cc cc cc cc cc cc cc
0x00007fff93216620:   48 8d 8a 80 00 00 00 e9 14 e9 fe ff 48 89 54 24
0x00007fff93216630:   10 55 48 83 ec 20 48 8b ea 48 8d 05 dd ca ff ff
0x00007fff93216640:   48 83 c4 20 5d c3 cc 40 55 48 8b ea 48 8b 01 33
0x00007fff93216650:   c9 81 38 05 00 00 c0 0f 94 c1 8b c1 5d c3 cc 40
0x00007fff93216660:   55 48 83 ec 20 48 8b ea 8a 4d 40 48 83 c4 20 5d
0x00007fff93216670:   e9 df cd ff ff cc 40 55 48 83 ec 20 48 8b ea e8
0x00007fff93216680:   fc cb ff ff 8a 4d 38 48 83 c4 20 5d e9 c3 cd ff
0x00007fff93216690:   ff cc 40 55 48 83 ec 30 48 8b ea 48 8b 01 8b 10
0x00007fff932166a0:   48 89 4c 24 28 89 54 24 20 4c 8d 0d a4 d1 ff ff
0x00007fff932166b0:   4c 8b 45 70 8b 55 68 48 8b 4d 60 e8 30 cb ff ff
0x00007fff932166c0:   90 48 83 c4 30 5d c3 cc cc cc cc cc cc cc cc cc
0x00007fff932166d0:   40 53 48 83 ec 30 48 c7 44 24 20 fe ff ff ff 48
0x00007fff932166e0:   8b 1d 2a 64 01 00 48 85 db 74 16 e8 90 85 ff ff
0x00007fff932166f0:   4c 8b 00 48 8b d3 48 8b c8 41 ff 90 b0 00 00 00
0x00007fff93216700:   90 48 83 c4 30 5b c3 cc cc cc cc cc cc cc cc cc
0x00007fff93216710:   40 53 48 83 ec 20 48 8b 1d 9b 65 01 00 48 85 db
0x00007fff93216720:   74 57 b8 ff ff ff ff f0 0f c1 43 10 83 f8 01 75
0x00007fff93216730:   3d 48 85 db 74 38 48 8b 0b 48 85 c9 74 0d ff 15
0x00007fff93216740:   64 0b 00 00 48 c7 03 00 00 00 00 48 8b 4b 08 48
0x00007fff93216750:   85 c9 74 0d e8 37 c8 ff ff 48 c7 43 08 00 00 00
0x00007fff93216760:   00 ba 18 00 00 00 48 8b cb e8 22 c8 ff ff 48 c7
0x00007fff93216770:   05 3f 65 01 00 00 00 00 00 48 83 c4 20 5b c3 cc
0x00007fff93216780:   40 53 48 83 ec 20 48 8b 1d 0b 65 01 00 48 85 db
0x00007fff93216790:   74 57 b8 ff ff ff ff f0 0f c1 43 10 83 f8 01 75
0x00007fff932167a0:   3d 48 85 db 74 38 48 8b 0b 48 85 c9 74 0d ff 15
0x00007fff932167b0:   f4 0a 00 00 48 c7 03 00 00 00 00 48 8b 4b 08 48
0x00007fff932167c0:   85 c9 74 0d e8 c7 c7 ff ff 48 c7 43 08 00 00 00
0x00007fff932167d0:   00 ba 18 00 00 00 48 8b cb e8 b2 c7 ff ff 48 c7
0x00007fff932167e0:   05 af 64 01 00 00 00 00 00 48 83 c4 20 5b c3 cc 


Stack slot to memory mapping:

stack at sp + 0 slots: 0x0 is null
stack at sp + 1 slots: 0x00007fffe3a5364b ucrtbase.dll
stack at sp + 2 slots: 0x0000028df1786590 points into unknown readable memory: 0x0000f2c9519a52e8 | e8 52 9a 51 c9 f2 00 00
stack at sp + 3 slots: 0x000000c5d54ff198 points into unknown readable memory: 0x000000c5d54ff180 | 80 f1 4f d5 c5 00 00 00
stack at sp + 4 slots: 0xfffffffffffffffe is an unknown value
stack at sp + 5 slots: 0x00007fff93213b84 glass.dll
stack at sp + 6 slots: 0x0000028df1786588 points into unknown readable memory: 0x0000f2c9519a52e8 | e8 52 9a 51 c9 f2 00 00
stack at sp + 7 slots: 0x00007fffe3a93a93 ucrtbase.dll

VM_Operation (0x000000c5d63fb8c0): Exit, mode: safepoint, requested by thread 0x0000028dab4467a0


---------------  P R O C E S S  ---------------

Threads class SMR info:
_java_thread_list=0x0000028df129a4c0, length=19, elements={
0x0000028d8cadf340, 0x0000028dab434f40, 0x0000028dab435c60, 0x0000028dab438cc0,
0x0000028dab43b990, 0x0000028dab4444f0, 0x0000028dab448870, 0x0000028dab44dbe0,
0x0000028dab452f90, 0x0000028dab4453f0, 0x0000028dab445a80, 0x0000028dab446110,
0x0000028dab4474c0, 0x0000028dab4467a0, 0x0000028dab446e30, 0x0000028dab4481e0,
0x0000028dab447b50, 0x0000028df2459020, 0x0000028df24575e0
}

Java Threads: ( => current thread )
  0x0000028d8cadf340 JavaThread "main"                              [_thread_blocked, id=15776, stack(0x000000c5d4d00000,0x000000c5d4e00000) (1024K)]
  0x0000028dab434f40 JavaThread "Reference Handler"          daemon [_thread_blocked, id=19228, stack(0x000000c5d5500000,0x000000c5d5600000) (1024K)]
  0x0000028dab435c60 JavaThread "Finalizer"                  daemon [_thread_blocked, id=15040, stack(0x000000c5d5600000,0x000000c5d5700000) (1024K)]
  0x0000028dab438cc0 JavaThread "Signal Dispatcher"          daemon [_thread_blocked, id=20960, stack(0x000000c5d5700000,0x000000c5d5800000) (1024K)]
  0x0000028dab43b990 JavaThread "Attach Listener"            daemon [_thread_blocked, id=20952, stack(0x000000c5d5800000,0x000000c5d5900000) (1024K)]
  0x0000028dab4444f0 JavaThread "Service Thread"             daemon [_thread_blocked, id=12312, stack(0x000000c5d5900000,0x000000c5d5a00000) (1024K)]
  0x0000028dab448870 JavaThread "Monitor Deflation Thread"   daemon [_thread_blocked, id=19128, stack(0x000000c5d5a00000,0x000000c5d5b00000) (1024K)]
  0x0000028dab44dbe0 JavaThread "C2 CompilerThread0"         daemon [_thread_blocked, id=2640, stack(0x000000c5d5b00000,0x000000c5d5c00000) (1024K)]
  0x0000028dab452f90 JavaThread "C1 CompilerThread0"         daemon [_thread_blocked, id=9256, stack(0x000000c5d5c00000,0x000000c5d5d00000) (1024K)]
  0x0000028dab4453f0 JavaThread "Common-Cleaner"             daemon [_thread_blocked, id=19000, stack(0x000000c5d5d00000,0x000000c5d5e00000) (1024K)]
  0x0000028dab445a80 JavaThread "Notification Thread"        daemon [_thread_blocked, id=19020, stack(0x000000c5d6000000,0x000000c5d6100000) (1024K)]
  0x0000028dab446110 JavaThread "QuantumRenderer-0"          daemon [_thread_blocked, id=14560, stack(0x000000c5d6100000,0x000000c5d6200000) (1024K)]
  0x0000028dab4474c0 JavaThread "InvokeLaterDispatcher"      daemon [_thread_blocked, id=21472, stack(0x000000c5d6200000,0x000000c5d6300000) (1024K)]
  0x0000028dab4467a0 JavaThread "JavaFX Application Thread"         [_thread_blocked, id=3856, stack(0x000000c5d6300000,0x000000c5d6400000) (1024K)]
  0x0000028dab446e30 JavaThread "JavaFX-Launcher"                   [_thread_blocked, id=14708, stack(0x000000c5d6d00000,0x000000c5d6e00000) (1024K)]
  0x0000028dab4481e0 JavaThread "Thread-2"                   daemon [_thread_in_native, id=1132, stack(0x000000c5d6c00000,0x000000c5d6d00000) (1024K)]
  0x0000028dab447b50 JavaThread "mysql-cj-abandoned-connection-cleanup" daemon [_thread_blocked, id=10628, stack(0x000000c5d6e00000,0x000000c5d6f00000) (1024K)]
  0x0000028df2459020 JavaThread "Prism Font Disposer"        daemon [_thread_blocked, id=5812, stack(0x000000c5d7400000,0x000000c5d7500000) (1024K)]
  0x0000028df24575e0 JavaThread "Cleaner-0"                  daemon [_thread_blocked, id=20408, stack(0x000000c5d7600000,0x000000c5d7700000) (1024K)]
Total: 19

Other Threads:
=>0x0000028dab413780 VMThread "VM Thread"                           [id=16452, stack(0x000000c5d5400000,0x000000c5d5500000) (1024K)]
  0x0000028d8ec50a80 WorkerThread "GC Thread#0"                     [id=13636, stack(0x000000c5d4e00000,0x000000c5d4f00000) (1024K)]
  0x0000028df1e9c880 WorkerThread "GC Thread#1"                     [id=12864, stack(0x000000c5d6700000,0x000000c5d6800000) (1024K)]
  0x0000028df1e83c40 WorkerThread "GC Thread#2"                     [id=2444, stack(0x000000c5d6800000,0x000000c5d6900000) (1024K)]
  0x0000028df1e83fe0 WorkerThread "GC Thread#3"                     [id=7588, stack(0x000000c5d6900000,0x000000c5d6a00000) (1024K)]
  0x0000028df1f0a750 WorkerThread "GC Thread#4"                     [id=20652, stack(0x000000c5d6a00000,0x000000c5d6b00000) (1024K)]
  0x0000028df1e88860 WorkerThread "GC Thread#5"                     [id=18152, stack(0x000000c5d6b00000,0x000000c5d6c00000) (1024K)]
  0x0000028df220dfc0 WorkerThread "GC Thread#6"                     [id=9680, stack(0x000000c5d6f00000,0x000000c5d7000000) (1024K)]
  0x0000028df1e620b0 WorkerThread "GC Thread#7"                     [id=4764, stack(0x000000c5d7000000,0x000000c5d7100000) (1024K)]
  0x0000028d8ec61770 ConcurrentGCThread "G1 Main Marker"            terminated
  0x0000028d8ec62270 WorkerThread "G1 Conc#0"                       [id=16980, stack(0x000000c5d5000000,0x000000c5d5100000) (1024K)]
  0x0000028dab8fbd10 WorkerThread "G1 Conc#1"                       [id=14816, stack(0x000000c5d5e00000,0x000000c5d5f00000) (1024K)]
  0x0000028dab2d07e0 ConcurrentGCThread "G1 Refine#0"               terminated
  0x0000028dab2d1260 ConcurrentGCThread "G1 Service"                terminated
Total: 14

Threads with active compile tasks:
C2 CompilerThread0    58271 6815       4       java.lang.String::endsWith (15 bytes)
Total: 1

VM state: at safepoint (shutting down)

VM Mutex/Monitor currently owned by a thread:  ([mutex/lock_event])
[0x00007fff64eecd68] Threads_lock - owner thread: 0x0000028dab413780
[0x00007fff64eece68] Heap_lock - owner thread: 0x0000028dab4467a0

Heap address: 0x0000000085800000, size: 1960 MB, Compressed Oops mode: 32-bit

CDS archive(s) mapped at: [0x0000028dac000000-0x0000028dacc90000-0x0000028dacc90000), size 13172736, SharedBaseAddress: 0x0000028dac000000, ArchiveRelocationMode: 1.
Compressed class space mapped at: 0x0000028dad000000-0x0000028ded000000, reserved size: 1073741824
Narrow klass base: 0x0000028dac000000, Narrow klass shift: 0, Narrow klass range: 0x100000000

GC Precious Log:
 CardTable entry size: 512
 Card Set container configuration: InlinePtr #cards 5 size 8 Array Of Cards #cards 12 size 40 Howl #buckets 4 coarsen threshold 1843 Howl Bitmap #cards 512 size 80 coarsen threshold 460 Card regions per heap region 1 cards per card region 2048
 CPUs: 8 total, 8 available
 Memory: 7834M
 Large Page Support: Disabled
 NUMA Support: Disabled
 Compressed Oops: Enabled (32-bit)
 Heap Region Size: 1M
 Heap Min Capacity: 8M
 Heap Initial Capacity: 124M
 Heap Max Capacity: 1960M
 Pre-touch: Disabled
 Parallel Workers: 8
 Concurrent Workers: 2
 Concurrent Refinement Workers: 8
 Periodic GC: Disabled

Heap:
 garbage-first heap   total 129024K, used 120018K [0x0000000085800000, 0x0000000100000000)
  region size 1024K, 54 young (55296K), 8 survivors (8192K)
 Metaspace       used 27284K, committed 27712K, reserved 1114112K
  class space    used 3583K, committed 3776K, reserved 1048576K

Heap Regions: E=young(eden), S=young(survivor), O=old, HS=humongous(starts), HC=humongous(continues), CS=collection set, F=free, TAMS=top-at-mark-start, PB=parsable bottom
|   0|0x0000000085800000, 0x0000000085900000, 0x0000000085900000|100%|HS|  |TAMS 0x0000000085800000| PB 0x0000000085800000| Complete 
|   1|0x0000000085900000, 0x0000000085a00000, 0x0000000085a00000|100%|HS|  |TAMS 0x0000000085900000| PB 0x0000000085900000| Complete 
|   2|0x0000000085a00000, 0x0000000085b00000, 0x0000000085b00000|100%| O|  |TAMS 0x0000000085a00000| PB 0x0000000085a00000| Untracked 
|   3|0x0000000085b00000, 0x0000000085c00000, 0x0000000085c00000|100%| O|  |TAMS 0x0000000085b00000| PB 0x0000000085b00000| Untracked 
|   4|0x0000000085c00000, 0x0000000085d00000, 0x0000000085d00000|100%| O|  |TAMS 0x0000000085c00000| PB 0x0000000085c00000| Untracked 
|   5|0x0000000085d00000, 0x0000000085dcd890, 0x0000000085e00000| 80%| O|Cm|TAMS 0x0000000085d00000| PB 0x0000000085d00000| Complete 
|   6|0x0000000085e00000, 0x0000000085f00000, 0x0000000085f00000|100%|HS|  |TAMS 0x0000000085e00000| PB 0x0000000085e00000| Complete 
|   7|0x0000000085f00000, 0x0000000086000000, 0x0000000086000000|100%|HC|  |TAMS 0x0000000085f00000| PB 0x0000000085f00000| Complete 
|   8|0x0000000086000000, 0x0000000086100000, 0x0000000086100000|100%|HC|  |TAMS 0x0000000086000000| PB 0x0000000086000000| Complete 
|   9|0x0000000086100000, 0x0000000086200000, 0x0000000086200000|100%|HC|  |TAMS 0x0000000086100000| PB 0x0000000086100000| Complete 
|  10|0x0000000086200000, 0x0000000086300000, 0x0000000086300000|100%|HS|  |TAMS 0x0000000086200000| PB 0x0000000086200000| Complete 
|  11|0x0000000086300000, 0x0000000086400000, 0x0000000086400000|100%|HC|  |TAMS 0x0000000086300000| PB 0x0000000086300000| Complete 
|  12|0x0000000086400000, 0x0000000086500000, 0x0000000086500000|100%|HC|  |TAMS 0x0000000086400000| PB 0x0000000086400000| Complete 
|  13|0x0000000086500000, 0x0000000086600000, 0x0000000086600000|100%|HS|  |TAMS 0x0000000086500000| PB 0x0000000086500000| Complete 
|  14|0x0000000086600000, 0x0000000086700000, 0x0000000086700000|100%|HS|  |TAMS 0x0000000086600000| PB 0x0000000086600000| Complete 
|  15|0x0000000086700000, 0x0000000086800000, 0x0000000086800000|100%|HS|  |TAMS 0x0000000086700000| PB 0x0000000086700000| Complete 
|  16|0x0000000086800000, 0x0000000086900000, 0x0000000086900000|100%|HS|  |TAMS 0x0000000086800000| PB 0x0000000086800000| Complete 
|  17|0x0000000086900000, 0x0000000086a00000, 0x0000000086a00000|100%|HC|  |TAMS 0x0000000086900000| PB 0x0000000086900000| Complete 
|  18|0x0000000086a00000, 0x0000000086b00000, 0x0000000086b00000|100%|HS|  |TAMS 0x0000000086a00000| PB 0x0000000086a00000| Complete 
|  19|0x0000000086b00000, 0x0000000086c00000, 0x0000000086c00000|100%|HC|  |TAMS 0x0000000086b00000| PB 0x0000000086b00000| Complete 
|  20|0x0000000086c00000, 0x0000000086d00000, 0x0000000086d00000|100%|HC|  |TAMS 0x0000000086c00000| PB 0x0000000086c00000| Complete 
|  21|0x0000000086d00000, 0x0000000086e00000, 0x0000000086e00000|100%|HS|  |TAMS 0x0000000086d00000| PB 0x0000000086d00000| Complete 
|  22|0x0000000086e00000, 0x0000000086f00000, 0x0000000086f00000|100%|HC|  |TAMS 0x0000000086e00000| PB 0x0000000086e00000| Complete 
|  23|0x0000000086f00000, 0x0000000087000000, 0x0000000087000000|100%|HC|  |TAMS 0x0000000086f00000| PB 0x0000000086f00000| Complete 
|  24|0x0000000087000000, 0x0000000087100000, 0x0000000087100000|100%|HS|  |TAMS 0x0000000087000000| PB 0x0000000087000000| Complete 
|  25|0x0000000087100000, 0x0000000087200000, 0x0000000087200000|100%|HS|  |TAMS 0x0000000087100000| PB 0x0000000087100000| Complete 
|  26|0x0000000087200000, 0x0000000087300000, 0x0000000087300000|100%|HS|  |TAMS 0x0000000087200000| PB 0x0000000087200000| Complete 
|  27|0x0000000087300000, 0x0000000087400000, 0x0000000087400000|100%|HS|  |TAMS 0x0000000087300000| PB 0x0000000087300000| Complete 
|  28|0x0000000087400000, 0x0000000087500000, 0x0000000087500000|100%|HC|  |TAMS 0x0000000087400000| PB 0x0000000087400000| Complete 
|  29|0x0000000087500000, 0x0000000087600000, 0x0000000087600000|100%|HC|  |TAMS 0x0000000087500000| PB 0x0000000087500000| Complete 
|  30|0x0000000087600000, 0x0000000087700000, 0x0000000087700000|100%|HS|  |TAMS 0x0000000087600000| PB 0x0000000087600000| Complete 
|  31|0x0000000087700000, 0x0000000087800000, 0x0000000087800000|100%|HC|  |TAMS 0x0000000087700000| PB 0x0000000087700000| Complete 
|  32|0x0000000087800000, 0x0000000087900000, 0x0000000087900000|100%|HC|  |TAMS 0x0000000087800000| PB 0x0000000087800000| Complete 
|  33|0x0000000087900000, 0x0000000087a00000, 0x0000000087a00000|100%|HS|  |TAMS 0x0000000087900000| PB 0x0000000087900000| Complete 
|  34|0x0000000087a00000, 0x0000000087b00000, 0x0000000087b00000|100%|HC|  |TAMS 0x0000000087a00000| PB 0x0000000087a00000| Complete 
|  35|0x0000000087b00000, 0x0000000087c00000, 0x0000000087c00000|100%|HC|  |TAMS 0x0000000087b00000| PB 0x0000000087b00000| Complete 
|  36|0x0000000087c00000, 0x0000000087d00000, 0x0000000087d00000|100%|HS|  |TAMS 0x0000000087c00000| PB 0x0000000087c00000| Complete 
|  37|0x0000000087d00000, 0x0000000087e00000, 0x0000000087e00000|100%|HC|  |TAMS 0x0000000087d00000| PB 0x0000000087d00000| Complete 
|  38|0x0000000087e00000, 0x0000000087f00000, 0x0000000087f00000|100%|HC|  |TAMS 0x0000000087e00000| PB 0x0000000087e00000| Complete 
|  39|0x0000000087f00000, 0x0000000088000000, 0x0000000088000000|100%|HS|  |TAMS 0x0000000087f00000| PB 0x0000000087f00000| Complete 
|  40|0x0000000088000000, 0x0000000088100000, 0x0000000088100000|100%|HC|  |TAMS 0x0000000088000000| PB 0x0000000088000000| Complete 
|  41|0x0000000088100000, 0x0000000088200000, 0x0000000088200000|100%|HC|  |TAMS 0x0000000088100000| PB 0x0000000088100000| Complete 
|  42|0x0000000088200000, 0x0000000088300000, 0x0000000088300000|100%|HS|  |TAMS 0x0000000088200000| PB 0x0000000088200000| Complete 
|  43|0x0000000088300000, 0x0000000088400000, 0x0000000088400000|100%|HC|  |TAMS 0x0000000088300000| PB 0x0000000088300000| Complete 
|  44|0x0000000088400000, 0x0000000088500000, 0x0000000088500000|100%|HC|  |TAMS 0x0000000088400000| PB 0x0000000088400000| Complete 
|  45|0x0000000088500000, 0x0000000088600000, 0x0000000088600000|100%|HS|  |TAMS 0x0000000088500000| PB 0x0000000088500000| Complete 
|  46|0x0000000088600000, 0x0000000088700000, 0x0000000088700000|100%|HS|  |TAMS 0x0000000088600000| PB 0x0000000088600000| Complete 
|  47|0x0000000088700000, 0x0000000088800000, 0x0000000088800000|100%|HS|  |TAMS 0x0000000088700000| PB 0x0000000088700000| Complete 
|  48|0x0000000088800000, 0x0000000088900000, 0x0000000088900000|100%|HS|  |TAMS 0x0000000088800000| PB 0x0000000088800000| Complete 
|  49|0x0000000088900000, 0x0000000088a00000, 0x0000000088a00000|100%|HS|  |TAMS 0x0000000088900000| PB 0x0000000088900000| Complete 
|  50|0x0000000088a00000, 0x0000000088b00000, 0x0000000088b00000|100%|HC|  |TAMS 0x0000000088a00000| PB 0x0000000088a00000| Complete 
|  51|0x0000000088b00000, 0x0000000088c00000, 0x0000000088c00000|100%|HC|  |TAMS 0x0000000088b00000| PB 0x0000000088b00000| Complete 
|  52|0x0000000088c00000, 0x0000000088d00000, 0x0000000088d00000|100%|HS|  |TAMS 0x0000000088c00000| PB 0x0000000088c00000| Complete 
|  53|0x0000000088d00000, 0x0000000088e00000, 0x0000000088e00000|100%|HC|  |TAMS 0x0000000088d00000| PB 0x0000000088d00000| Complete 
|  54|0x0000000088e00000, 0x0000000088f00000, 0x0000000088f00000|100%|HC|  |TAMS 0x0000000088e00000| PB 0x0000000088e00000| Complete 
|  55|0x0000000088f00000, 0x0000000088f00000, 0x0000000089000000|  0%| F|  |TAMS 0x0000000088f00000| PB 0x0000000088f00000| Untracked 
|  56|0x0000000089000000, 0x0000000089000000, 0x0000000089100000|  0%| F|  |TAMS 0x0000000089000000| PB 0x0000000089000000| Untracked 
|  57|0x0000000089100000, 0x0000000089100000, 0x0000000089200000|  0%| F|  |TAMS 0x0000000089100000| PB 0x0000000089100000| Untracked 
|  58|0x0000000089200000, 0x0000000089200000, 0x0000000089300000|  0%| F|  |TAMS 0x0000000089200000| PB 0x0000000089200000| Untracked 
|  59|0x0000000089300000, 0x0000000089300000, 0x0000000089400000|  0%| F|  |TAMS 0x0000000089300000| PB 0x0000000089300000| Untracked 
|  60|0x0000000089400000, 0x0000000089400000, 0x0000000089500000|  0%| F|  |TAMS 0x0000000089400000| PB 0x0000000089400000| Untracked 
|  61|0x0000000089500000, 0x0000000089523b48, 0x0000000089600000| 13%| E|  |TAMS 0x0000000089500000| PB 0x0000000089500000| Complete 
|  62|0x0000000089600000, 0x0000000089700000, 0x0000000089700000|100%| E|CS|TAMS 0x0000000089600000| PB 0x0000000089600000| Complete 
|  63|0x0000000089700000, 0x0000000089800000, 0x0000000089800000|100%| E|CS|TAMS 0x0000000089700000| PB 0x0000000089700000| Complete 
|  64|0x0000000089800000, 0x0000000089900000, 0x0000000089900000|100%| E|CS|TAMS 0x0000000089800000| PB 0x0000000089800000| Complete 
|  65|0x0000000089900000, 0x0000000089a00000, 0x0000000089a00000|100%| E|CS|TAMS 0x0000000089900000| PB 0x0000000089900000| Complete 
|  66|0x0000000089a00000, 0x0000000089b00000, 0x0000000089b00000|100%| E|CS|TAMS 0x0000000089a00000| PB 0x0000000089a00000| Complete 
|  67|0x0000000089b00000, 0x0000000089c00000, 0x0000000089c00000|100%| E|CS|TAMS 0x0000000089b00000| PB 0x0000000089b00000| Complete 
|  68|0x0000000089c00000, 0x0000000089d00000, 0x0000000089d00000|100%| E|CS|TAMS 0x0000000089c00000| PB 0x0000000089c00000| Complete 
|  69|0x0000000089d00000, 0x0000000089e00000, 0x0000000089e00000|100%| E|CS|TAMS 0x0000000089d00000| PB 0x0000000089d00000| Complete 
|  70|0x0000000089e00000, 0x0000000089f00000, 0x0000000089f00000|100%| E|CS|TAMS 0x0000000089e00000| PB 0x0000000089e00000| Complete 
|  71|0x0000000089f00000, 0x000000008a000000, 0x000000008a000000|100%| E|CS|TAMS 0x0000000089f00000| PB 0x0000000089f00000| Complete 
|  72|0x000000008a000000, 0x000000008a100000, 0x000000008a100000|100%| E|CS|TAMS 0x000000008a000000| PB 0x000000008a000000| Complete 
|  73|0x000000008a100000, 0x000000008a200000, 0x000000008a200000|100%| E|CS|TAMS 0x000000008a100000| PB 0x000000008a100000| Complete 
|  74|0x000000008a200000, 0x000000008a300000, 0x000000008a300000|100%| E|CS|TAMS 0x000000008a200000| PB 0x000000008a200000| Complete 
|  75|0x000000008a300000, 0x000000008a400000, 0x000000008a400000|100%| E|CS|TAMS 0x000000008a300000| PB 0x000000008a300000| Complete 
|  76|0x000000008a400000, 0x000000008a500000, 0x000000008a500000|100%| E|CS|TAMS 0x000000008a400000| PB 0x000000008a400000| Complete 
|  77|0x000000008a500000, 0x000000008a600000, 0x000000008a600000|100%| E|CS|TAMS 0x000000008a500000| PB 0x000000008a500000| Complete 
|  78|0x000000008a600000, 0x000000008a700000, 0x000000008a700000|100%| E|CS|TAMS 0x000000008a600000| PB 0x000000008a600000| Complete 
|  79|0x000000008a700000, 0x000000008a800000, 0x000000008a800000|100%| E|CS|TAMS 0x000000008a700000| PB 0x000000008a700000| Complete 
|  80|0x000000008a800000, 0x000000008a900000, 0x000000008a900000|100%| E|CS|TAMS 0x000000008a800000| PB 0x000000008a800000| Complete 
|  81|0x000000008a900000, 0x000000008aa00000, 0x000000008aa00000|100%| E|CS|TAMS 0x000000008a900000| PB 0x000000008a900000| Complete 
|  82|0x000000008aa00000, 0x000000008ab00000, 0x000000008ab00000|100%| E|CS|TAMS 0x000000008aa00000| PB 0x000000008aa00000| Complete 
|  83|0x000000008ab00000, 0x000000008ac00000, 0x000000008ac00000|100%| E|CS|TAMS 0x000000008ab00000| PB 0x000000008ab00000| Complete 
|  84|0x000000008ac00000, 0x000000008ad00000, 0x000000008ad00000|100%| E|CS|TAMS 0x000000008ac00000| PB 0x000000008ac00000| Complete 
|  85|0x000000008ad00000, 0x000000008ae00000, 0x000000008ae00000|100%| E|CS|TAMS 0x000000008ad00000| PB 0x000000008ad00000| Complete 
|  86|0x000000008ae00000, 0x000000008af00000, 0x000000008af00000|100%| E|CS|TAMS 0x000000008ae00000| PB 0x000000008ae00000| Complete 
|  87|0x000000008af00000, 0x000000008b000000, 0x000000008b000000|100%| E|  |TAMS 0x000000008af00000| PB 0x000000008af00000| Complete 
|  88|0x000000008b000000, 0x000000008b100000, 0x000000008b100000|100%| E|CS|TAMS 0x000000008b000000| PB 0x000000008b000000| Complete 
|  89|0x000000008b100000, 0x000000008b200000, 0x000000008b200000|100%| E|CS|TAMS 0x000000008b100000| PB 0x000000008b100000| Complete 
|  90|0x000000008b200000, 0x000000008b300000, 0x000000008b300000|100%| E|CS|TAMS 0x000000008b200000| PB 0x000000008b200000| Complete 
|  91|0x000000008b300000, 0x000000008b400000, 0x000000008b400000|100%| E|CS|TAMS 0x000000008b300000| PB 0x000000008b300000| Complete 
|  92|0x000000008b400000, 0x000000008b500000, 0x000000008b500000|100%| E|CS|TAMS 0x000000008b400000| PB 0x000000008b400000| Complete 
|  93|0x000000008b500000, 0x000000008b600000, 0x000000008b600000|100%| E|CS|TAMS 0x000000008b500000| PB 0x000000008b500000| Complete 
|  94|0x000000008b600000, 0x000000008b700000, 0x000000008b700000|100%| E|CS|TAMS 0x000000008b600000| PB 0x000000008b600000| Complete 
|  95|0x000000008b700000, 0x000000008b800000, 0x000000008b800000|100%| E|CS|TAMS 0x000000008b700000| PB 0x000000008b700000| Complete 
|  96|0x000000008b800000, 0x000000008b900000, 0x000000008b900000|100%| E|CS|TAMS 0x000000008b800000| PB 0x000000008b800000| Complete 
|  97|0x000000008b900000, 0x000000008ba00000, 0x000000008ba00000|100%| E|CS|TAMS 0x000000008b900000| PB 0x000000008b900000| Complete 
|  98|0x000000008ba00000, 0x000000008bb00000, 0x000000008bb00000|100%| E|CS|TAMS 0x000000008ba00000| PB 0x000000008ba00000| Complete 
|  99|0x000000008bb00000, 0x000000008bc00000, 0x000000008bc00000|100%| E|CS|TAMS 0x000000008bb00000| PB 0x000000008bb00000| Complete 
| 100|0x000000008bc00000, 0x000000008bd00000, 0x000000008bd00000|100%| E|CS|TAMS 0x000000008bc00000| PB 0x000000008bc00000| Complete 
| 101|0x000000008bd00000, 0x000000008be00000, 0x000000008be00000|100%| E|CS|TAMS 0x000000008bd00000| PB 0x000000008bd00000| Complete 
| 102|0x000000008be00000, 0x000000008bf00000, 0x000000008bf00000|100%| E|CS|TAMS 0x000000008be00000| PB 0x000000008be00000| Complete 
| 103|0x000000008bf00000, 0x000000008c000000, 0x000000008c000000|100%| E|CS|TAMS 0x000000008bf00000| PB 0x000000008bf00000| Complete 
| 104|0x000000008c000000, 0x000000008c100000, 0x000000008c100000|100%| E|CS|TAMS 0x000000008c000000| PB 0x000000008c000000| Complete 
| 105|0x000000008c100000, 0x000000008c200000, 0x000000008c200000|100%| E|CS|TAMS 0x000000008c100000| PB 0x000000008c100000| Complete 
| 106|0x000000008c200000, 0x000000008c300000, 0x000000008c300000|100%| S|CS|TAMS 0x000000008c200000| PB 0x000000008c200000| Complete 
| 107|0x000000008c300000, 0x000000008c400000, 0x000000008c400000|100%| S|CS|TAMS 0x000000008c300000| PB 0x000000008c300000| Complete 
| 108|0x000000008c400000, 0x000000008c500000, 0x000000008c500000|100%| S|CS|TAMS 0x000000008c400000| PB 0x000000008c400000| Complete 
| 109|0x000000008c500000, 0x000000008c600000, 0x000000008c600000|100%| S|CS|TAMS 0x000000008c500000| PB 0x000000008c500000| Complete 
| 110|0x000000008c600000, 0x000000008c700000, 0x000000008c700000|100%| S|CS|TAMS 0x000000008c600000| PB 0x000000008c600000| Complete 
| 111|0x000000008c700000, 0x000000008c800000, 0x000000008c800000|100%| S|CS|TAMS 0x000000008c700000| PB 0x000000008c700000| Complete 
| 112|0x000000008c800000, 0x000000008c900000, 0x000000008c900000|100%| S|CS|TAMS 0x000000008c800000| PB 0x000000008c800000| Complete 
| 113|0x000000008c900000, 0x000000008ca00000, 0x000000008ca00000|100%| S|CS|TAMS 0x000000008c900000| PB 0x000000008c900000| Complete 
| 123|0x000000008d300000, 0x000000008d400000, 0x000000008d400000|100%| E|CS|TAMS 0x000000008d300000| PB 0x000000008d300000| Complete 
|1949|0x00000000ff500000, 0x00000000ff567200, 0x00000000ff600000| 40%| O|  |TAMS 0x00000000ff500000| PB 0x00000000ff500000| Untracked 
|1950|0x00000000ff600000, 0x00000000ff700000, 0x00000000ff700000|100%| O|  |TAMS 0x00000000ff600000| PB 0x00000000ff600000| Untracked 
|1951|0x00000000ff700000, 0x00000000ff800000, 0x00000000ff800000|100%| O|  |TAMS 0x00000000ff700000| PB 0x00000000ff700000| Untracked 
|1952|0x00000000ff800000, 0x00000000ff900000, 0x00000000ff900000|100%| O|  |TAMS 0x00000000ff800000| PB 0x00000000ff800000| Untracked 
|1953|0x00000000ff900000, 0x00000000ffa00000, 0x00000000ffa00000|100%| O|  |TAMS 0x00000000ff900000| PB 0x00000000ff900000| Untracked 
|1954|0x00000000ffa00000, 0x00000000ffb00000, 0x00000000ffb00000|100%| O|  |TAMS 0x00000000ffa00000| PB 0x00000000ffa00000| Untracked 
|1955|0x00000000ffb00000, 0x00000000ffc00000, 0x00000000ffc00000|100%| O|  |TAMS 0x00000000ffb00000| PB 0x00000000ffb00000| Untracked 
|1956|0x00000000ffc00000, 0x00000000ffd00000, 0x00000000ffd00000|100%| O|  |TAMS 0x00000000ffc00000| PB 0x00000000ffc00000| Untracked 
|1957|0x00000000ffd00000, 0x00000000ffe00000, 0x00000000ffe00000|100%| O|  |TAMS 0x00000000ffd00000| PB 0x00000000ffd00000| Untracked 
|1958|0x00000000ffe00000, 0x00000000fff00000, 0x00000000fff00000|100%| O|  |TAMS 0x00000000ffe00000| PB 0x00000000ffe00000| Untracked 
|1959|0x00000000fff00000, 0x0000000100000000, 0x0000000100000000|100%| O|  |TAMS 0x00000000fff00000| PB 0x00000000fff00000| Untracked 

Card table byte_map: [0x0000028da6770000,0x0000028da6b50000] _byte_map_base: 0x0000028da6344000

Marking Bits: (CMBitMap*) 0x0000028d8ec51990
 Bits: [0x0000028da6b50000, 0x0000028da89f0000)

Polling page: 0x0000028d8e3c0000

Metaspace:

Usage:
  Non-class:     23.15 MB used.
      Class:      3.50 MB used.
       Both:     26.65 MB used.

Virtual space:
  Non-class space:       64.00 MB reserved,      23.38 MB ( 37%) committed,  1 nodes.
      Class space:        1.00 GB reserved,       3.69 MB ( <1%) committed,  1 nodes.
             Both:        1.06 GB reserved,      27.06 MB (  2%) committed. 

Chunk freelists:
   Non-Class:  8.20 MB
       Class:  12.33 MB
        Both:  20.54 MB

MaxMetaspaceSize: unlimited
CompressedClassSpaceSize: 1.00 GB
Initial GC threshold: 21.00 MB
Current GC threshold: 35.12 MB
CDS: on
 - commit_granule_bytes: 65536.
 - commit_granule_words: 8192.
 - virtual_space_node_default_size: 8388608.
 - enlarge_chunks_in_place: 1.
 - use_allocation_guard: 0.


Internal statistics:

num_allocs_failed_limit: 3.
num_arena_births: 452.
num_arena_deaths: 0.
num_vsnodes_births: 2.
num_vsnodes_deaths: 0.
num_space_committed: 433.
num_space_uncommitted: 0.
num_chunks_returned_to_freelist: 3.
num_chunks_taken_from_freelist: 1349.
num_chunk_merges: 3.
num_chunk_splits: 963.
num_chunks_enlarged: 741.
num_inconsistent_stats: 0.

CodeHeap 'non-profiled nmethods': size=120000Kb used=4185Kb max_used=4185Kb free=115814Kb
 bounds [0x0000028d9eb30000, 0x0000028d9ef50000, 0x0000028da6060000]
CodeHeap 'profiled nmethods': size=120000Kb used=14720Kb max_used=14720Kb free=105279Kb
 bounds [0x0000028d97060000, 0x0000028d97ed0000, 0x0000028d9e590000]
CodeHeap 'non-nmethods': size=5760Kb used=2186Kb max_used=2242Kb free=3573Kb
 bounds [0x0000028d9e590000, 0x0000028d9e800000, 0x0000028d9eb30000]
 total_blobs=7757 nmethods=6848 adapters=810
 compilation: enabled
              stopped_count=0, restarted_count=0
 full_count=0

Compilation events (20 events):
Event: 57.675 Thread 0x0000028dab452f90 6845       3       javafx.scene.text.Text::getSelectionStart (27 bytes)
Event: 57.675 Thread 0x0000028dab452f90 nmethod 6845 0x0000028d97ebb610 code [0x0000028d97ebb7e0, 0x0000028d97ebbc48]
Event: 57.675 Thread 0x0000028dab452f90 6846       3       javafx.scene.text.Text::getSelectionEnd (27 bytes)
Event: 57.675 Thread 0x0000028dab452f90 nmethod 6846 0x0000028d97ebbd90 code [0x0000028d97ebbf60, 0x0000028d97ebc3c8]
Event: 57.675 Thread 0x0000028dab452f90 6847       3       com.sun.javafx.sg.prism.NGText::setSelection (20 bytes)
Event: 57.675 Thread 0x0000028dab452f90 nmethod 6847 0x0000028d97ebc510 code [0x0000028d97ebc6c0, 0x0000028d97ebc8f0]
Event: 57.675 Thread 0x0000028dab452f90 6848   !   3       java.util.concurrent.LinkedBlockingQueue::offer (131 bytes)
Event: 57.677 Thread 0x0000028dab452f90 nmethod 6848 0x0000028d97ebc990 code [0x0000028d97ebcd80, 0x0000028d97ebea98]
Event: 57.677 Thread 0x0000028dab452f90 6849       3       java.util.concurrent.LinkedBlockingQueue::enqueue (14 bytes)
Event: 57.677 Thread 0x0000028dab452f90 nmethod 6849 0x0000028d97ebf590 code [0x0000028d97ebf740, 0x0000028d97ebf908]
Event: 57.677 Thread 0x0000028dab452f90 6850       3       java.util.concurrent.LinkedBlockingQueue::dequeue (32 bytes)
Event: 57.677 Thread 0x0000028dab452f90 nmethod 6850 0x0000028d97ebfa10 code [0x0000028d97ebfbc0, 0x0000028d97ebfdc8]
Event: 57.753 Thread 0x0000028dab44dbe0 nmethod 6813 0x0000028d9ef3ae90 code [0x0000028d9ef3b660, 0x0000028d9ef41fd0]
Event: 57.755 Thread 0x0000028dab44dbe0 6818   !   4       java.util.zip.Inflater::inflate (456 bytes)
Event: 57.760 Thread 0x0000028dab44dbe0 nmethod 6818 0x0000028d9ef44e90 code [0x0000028d9ef450c0, 0x0000028d9ef45a48]
Event: 57.760 Thread 0x0000028dab44dbe0 6815       4       java.lang.String::endsWith (15 bytes)
Event: 57.762 Thread 0x0000028dab452f90 6851       3       javafx.scene.Scene::clearNodeMnemonics (12 bytes)
Event: 57.762 Thread 0x0000028dab452f90 nmethod 6851 0x0000028d97ebfe90 code [0x0000028d97ec0060, 0x0000028d97ec0278]
Event: 57.763 Thread 0x0000028dab452f90 6852       1       java.util.logging.LogManager$LoggerContext::getOwner (5 bytes)
Event: 57.763 Thread 0x0000028dab452f90 nmethod 6852 0x0000028d9ef46290 code [0x0000028d9ef46420, 0x0000028d9ef464e8]

GC Heap History (8 events):
Event: 0.524 GC heap before
{Heap before GC invocations=0 (full 0):
 garbage-first heap   total 126976K, used 22528K [0x0000000085800000, 0x0000000100000000)
  region size 1024K, 23 young (23552K), 0 survivors (0K)
 Metaspace       used 3782K, committed 3968K, reserved 1114112K
  class space    used 410K, committed 512K, reserved 1048576K
}
Event: 0.528 GC heap after
{Heap after GC invocations=1 (full 0):
 garbage-first heap   total 126976K, used 2944K [0x0000000085800000, 0x0000000100000000)
  region size 1024K, 3 young (3072K), 3 survivors (3072K)
 Metaspace       used 3782K, committed 3968K, reserved 1114112K
  class space    used 410K, committed 512K, reserved 1048576K
}
Event: 1.129 GC heap before
{Heap before GC invocations=1 (full 0):
 garbage-first heap   total 126976K, used 40832K [0x0000000085800000, 0x0000000100000000)
  region size 1024K, 39 young (39936K), 3 survivors (3072K)
 Metaspace       used 12937K, committed 13248K, reserved 1114112K
  class space    used 1571K, committed 1728K, reserved 1048576K
}
Event: 1.135 GC heap after
{Heap after GC invocations=2 (full 0):
 garbage-first heap   total 126976K, used 10038K [0x0000000085800000, 0x0000000100000000)
  region size 1024K, 5 young (5120K), 5 survivors (5120K)
 Metaspace       used 12937K, committed 13248K, reserved 1114112K
  class space    used 1571K, committed 1728K, reserved 1048576K
}
Event: 24.356 GC heap before
{Heap before GC invocations=2 (full 0):
 garbage-first heap   total 126976K, used 70454K [0x0000000085800000, 0x0000000100000000)
  region size 1024K, 44 young (45056K), 5 survivors (5120K)
 Metaspace       used 21141K, committed 21504K, reserved 1114112K
  class space    used 2837K, committed 3008K, reserved 1048576K
}
Event: 24.363 GC heap after
{Heap after GC invocations=3 (full 0):
 garbage-first heap   total 126976K, used 31517K [0x0000000085800000, 0x0000000100000000)
  region size 1024K, 10 young (10240K), 10 survivors (10240K)
 Metaspace       used 21141K, committed 21504K, reserved 1114112K
  class space    used 2837K, committed 3008K, reserved 1048576K
}
Event: 39.779 GC heap before
{Heap before GC invocations=4 (full 0):
 garbage-first heap   total 109568K, used 109341K [0x0000000085800000, 0x0000000100000000)
  region size 1024K, 58 young (59392K), 10 survivors (10240K)
 Metaspace       used 25927K, committed 26368K, reserved 1114112K
  class space    used 3465K, committed 3648K, reserved 1048576K
}
Event: 39.812 GC heap after
{Heap after GC invocations=5 (full 0):
 garbage-first heap   total 129024K, used 44242K [0x0000000085800000, 0x0000000100000000)
  region size 1024K, 8 young (8192K), 8 survivors (8192K)
 Metaspace       used 25927K, committed 26368K, reserved 1114112K
  class space    used 3465K, committed 3648K, reserved 1048576K
}

Dll operation events (20 events):
Event: 0.350 Loaded shared library C:\Users\User\.openjfx\cache\13\api-ms-win-crt-filesystem-l1-1-0.dll
Event: 0.353 Loaded shared library C:\Users\User\.openjfx\cache\13\api-ms-win-crt-heap-l1-1-0.dll
Event: 0.356 Loaded shared library C:\Users\User\.openjfx\cache\13\api-ms-win-crt-locale-l1-1-0.dll
Event: 0.358 Loaded shared library C:\Users\User\.openjfx\cache\13\api-ms-win-crt-math-l1-1-0.dll
Event: 0.361 Loaded shared library C:\Users\User\.openjfx\cache\13\api-ms-win-crt-multibyte-l1-1-0.dll
Event: 0.364 Loaded shared library C:\Users\User\.openjfx\cache\13\api-ms-win-crt-private-l1-1-0.dll
Event: 0.366 Loaded shared library C:\Users\User\.openjfx\cache\13\api-ms-win-crt-process-l1-1-0.dll
Event: 0.368 Loaded shared library C:\Users\User\.openjfx\cache\13\api-ms-win-crt-runtime-l1-1-0.dll
Event: 0.371 Loaded shared library C:\Users\User\.openjfx\cache\13\api-ms-win-crt-stdio-l1-1-0.dll
Event: 0.374 Loaded shared library C:\Users\User\.openjfx\cache\13\api-ms-win-crt-string-l1-1-0.dll
Event: 0.377 Loaded shared library C:\Users\User\.openjfx\cache\13\api-ms-win-crt-time-l1-1-0.dll
Event: 0.379 Loaded shared library C:\Users\User\.openjfx\cache\13\api-ms-win-crt-utility-l1-1-0.dll
Event: 0.391 Loaded shared library C:\Users\User\.openjfx\cache\13\ucrtbase.dll
Event: 0.395 Loaded shared library C:\Users\User\.openjfx\cache\13\vcruntime140.dll
Event: 0.402 Loaded shared library C:\Users\User\.openjfx\cache\13\msvcp140.dll
Event: 0.408 Loaded shared library C:\Users\User\.openjfx\cache\13\concrt140.dll
Event: 0.442 Loaded shared library C:\Users\User\.openjfx\cache\13\prism_d3d.dll
Event: 0.474 Loaded shared library C:\Users\User\.openjfx\cache\13\glass.dll
Event: 0.563 Loaded shared library C:\Program Files\Java\jdk-21\bin\jimage.dll
Event: 0.898 Loaded shared library C:\Users\User\.openjfx\cache\13\javafx_font.dll

Deoptimization events (20 events):
Event: 51.267 Thread 0x0000028dab4467a0 Uncommon trap: trap_request=0xffffff45 fr.pc=0x0000028d9eea8d88 relative=0x0000000000000688
Event: 51.267 Thread 0x0000028dab4467a0 Uncommon trap: reason=unstable_if action=reinterpret pc=0x0000028d9eea8d88 method=javafx.scene.Node.updateBounds()V @ 70 c2
Event: 51.267 Thread 0x0000028dab4467a0 DEOPT PACKING pc=0x0000028d9eea8d88 sp=0x000000c5d63fe200
Event: 51.267 Thread 0x0000028dab4467a0 DEOPT UNPACKING pc=0x0000028d9e5e7da2 sp=0x000000c5d63fe150 mode 2
Event: 53.349 Thread 0x0000028dab446110 Uncommon trap: trap_request=0xffffffc6 fr.pc=0x0000028d9ee1bac0 relative=0x0000000000000580
Event: 53.349 Thread 0x0000028dab446110 Uncommon trap: reason=bimorphic_or_optimized_type_check action=maybe_recompile pc=0x0000028d9ee1bac0 method=com.sun.javafx.sg.prism.NGShape.renderContent(Lcom/sun/prism/Graphics;)V @ 454 c2
Event: 53.349 Thread 0x0000028dab446110 DEOPT PACKING pc=0x0000028d9ee1bac0 sp=0x000000c5d61fe580
Event: 53.349 Thread 0x0000028dab446110 DEOPT UNPACKING pc=0x0000028d9e5e7da2 sp=0x000000c5d61fe4b8 mode 2
Event: 53.349 Thread 0x0000028dab446110 Uncommon trap: trap_request=0xffffffbe fr.pc=0x0000028d9ee2f110 relative=0x0000000000001eb0
Event: 53.349 Thread 0x0000028dab446110 Uncommon trap: reason=profile_predicate action=maybe_recompile pc=0x0000028d9ee2f110 method=com.sun.prism.impl.shape.DMarlinPrismUtils.feedConsumer(Lcom/sun/marlin/DRendererContext;Lcom/sun/javafx/geom/Path2D;Lcom/sun/javafx/geom/transform/BaseTransform;L
Event: 53.349 Thread 0x0000028dab446110 DEOPT PACKING pc=0x0000028d9ee2f110 sp=0x000000c5d61fdcf0
Event: 53.349 Thread 0x0000028dab446110 DEOPT UNPACKING pc=0x0000028d9e5e7da2 sp=0x000000c5d61fdd10 mode 2
Event: 54.321 Thread 0x0000028dab446110 Uncommon trap: trap_request=0xffffffc6 fr.pc=0x0000028d9ee1bac0 relative=0x0000000000000580
Event: 54.321 Thread 0x0000028dab446110 Uncommon trap: reason=bimorphic_or_optimized_type_check action=maybe_recompile pc=0x0000028d9ee1bac0 method=com.sun.javafx.sg.prism.NGShape.renderContent(Lcom/sun/prism/Graphics;)V @ 454 c2
Event: 54.322 Thread 0x0000028dab446110 DEOPT PACKING pc=0x0000028d9ee1bac0 sp=0x000000c5d61fe580
Event: 54.322 Thread 0x0000028dab446110 DEOPT UNPACKING pc=0x0000028d9e5e7da2 sp=0x000000c5d61fe4b8 mode 2
Event: 54.322 Thread 0x0000028dab446110 Uncommon trap: trap_request=0xffffffbe fr.pc=0x0000028d9ee2f110 relative=0x0000000000001eb0
Event: 54.322 Thread 0x0000028dab446110 Uncommon trap: reason=profile_predicate action=maybe_recompile pc=0x0000028d9ee2f110 method=com.sun.prism.impl.shape.DMarlinPrismUtils.feedConsumer(Lcom/sun/marlin/DRendererContext;Lcom/sun/javafx/geom/Path2D;Lcom/sun/javafx/geom/transform/BaseTransform;L
Event: 54.322 Thread 0x0000028dab446110 DEOPT PACKING pc=0x0000028d9ee2f110 sp=0x000000c5d61fddf0
Event: 54.322 Thread 0x0000028dab446110 DEOPT UNPACKING pc=0x0000028d9e5e7da2 sp=0x000000c5d61fde10 mode 2

Classes loaded (20 events):
Event: 33.379 Loading class java/util/stream/IntPipeline$1
Event: 33.379 Loading class java/util/stream/IntPipeline$1 done
Event: 33.379 Loading class java/util/stream/IntPipeline$1$1
Event: 33.379 Loading class java/util/stream/IntPipeline$1$1 done
Event: 33.521 Loading class jdk/internal/icu/impl/UCharacterProperty
Event: 33.521 Loading class jdk/internal/icu/impl/UCharacterProperty done
Event: 33.521 Loading class jdk/internal/icu/impl/UCharacterProperty$1
Event: 33.522 Loading class jdk/internal/icu/impl/UCharacterProperty$BiDiIntProperty
Event: 33.522 Loading class jdk/internal/icu/impl/UCharacterProperty$IntProperty
Event: 33.522 Loading class jdk/internal/icu/impl/UCharacterProperty$IntProperty done
Event: 33.522 Loading class jdk/internal/icu/impl/UCharacterProperty$BiDiIntProperty done
Event: 33.522 Loading class jdk/internal/icu/impl/UCharacterProperty$1 done
Event: 33.522 Loading class jdk/internal/icu/impl/UCharacterProperty$IsAcceptable
Event: 33.522 Loading class jdk/internal/icu/impl/UCharacterProperty$IsAcceptable done
Event: 33.526 Loading class java/lang/CharacterData01
Event: 33.527 Loading class java/lang/CharacterData01 done
Event: 40.536 Loading class java/lang/FdLibm$Acos
Event: 40.536 Loading class java/lang/FdLibm$Acos done
Event: 53.268 Loading class java/lang/foreign/MemorySegment
Event: 53.269 Loading class java/lang/foreign/MemorySegment done

Classes unloaded (0 events):
No events

Classes redefined (0 events):
No events

Internal exceptions (20 events):
Event: 19.960 Thread 0x0000028dab4467a0 Exception <a 'java/lang/ClassNotFoundException'{0x000000008b8f9f50}: com/sun/javafx/scene/control/skin/resources/controls_es_AR> (0x000000008b8f9f50) 
thrown [s\open\src\hotspot\share\prims\jni.cpp, line 539]
Event: 19.976 Thread 0x0000028dab4467a0 Exception <a 'java/lang/NoSuchMethodError'{0x000000008b60a1c8}: 'void java.lang.invoke.DirectMethodHandle$Holder.invokeSpecial(java.lang.Object, java.lang.Object, java.lang.Object, java.lang.Object, java.lang.Object, java.lang.Object)'> (0x000000008b60a1c8) 
thrown [s\open\src\hotspot\share\interpreter\linkResolver.cpp, line 773]
Event: 20.034 Thread 0x0000028dab4467a0 Exception <a 'java/lang/NoSuchMethodError'{0x000000008b3ab668}: 'long java.lang.invoke.DirectMethodHandle$Holder.invokeStatic(java.lang.Object, java.lang.Object, java.lang.Object)'> (0x000000008b3ab668) 
thrown [s\open\src\hotspot\share\interpreter\linkResolver.cpp, line 773]
Event: 20.035 Thread 0x0000028dab4467a0 Exception <a 'java/lang/NoSuchMethodError'{0x000000008b3aea38}: 'long java.lang.invoke.DirectMethodHandle$Holder.invokeStaticInit(java.lang.Object, java.lang.Object, java.lang.Object)'> (0x000000008b3aea38) 
thrown [s\open\src\hotspot\share\interpreter\linkResolver.cpp, line 773]
Event: 20.037 Thread 0x0000028dab4467a0 Exception <a 'java/lang/NoSuchMethodError'{0x000000008b3c2f38}: 'java.lang.Object java.lang.invoke.DirectMethodHandle$Holder.newInvokeSpecial(java.lang.Object, java.lang.Object, long)'> (0x000000008b3c2f38) 
thrown [s\open\src\hotspot\share\interpreter\linkResolver.cpp, line 773]
Event: 20.037 Thread 0x0000028dab4467a0 Exception <a 'java/lang/NoSuchMethodError'{0x000000008b3c6830}: 'java.lang.Object java.lang.invoke.Invokers$Holder.linkToTargetMethod(java.lang.Object, long, java.lang.Object)'> (0x000000008b3c6830) 
thrown [s\open\src\hotspot\share\interpreter\linkResolver.cpp, line 773]
Event: 23.997 Thread 0x0000028dab4467a0 Exception <a 'java/lang/NoSuchMethodError'{0x000000008af59240}: 'java.lang.Object java.lang.invoke.DirectMethodHandle$Holder.invokeStaticInit(java.lang.Object, int, int, int, int)'> (0x000000008af59240) 
thrown [s\open\src\hotspot\share\interpreter\linkResolver.cpp, line 773]
Event: 24.349 Thread 0x0000028dab4467a0 Exception <a 'java/lang/NoSuchMethodError'{0x000000008ae48fd8}: 'java.lang.Object java.lang.invoke.DirectMethodHandle$Holder.invokeStaticInit(java.lang.Object, java.lang.Object, int, int, int, int)'> (0x000000008ae48fd8) 
thrown [s\open\src\hotspot\share\interpreter\linkResolver.cpp, line 773]
Event: 33.384 Thread 0x0000028dab4467a0 Exception <a 'java/lang/NoSuchMethodError'{0x000000008b053d30}: 'void java.lang.invoke.DirectMethodHandle$Holder.invokeSpecialIFC(java.lang.Object, java.lang.Object, java.lang.Object, java.lang.Object)'> (0x000000008b053d30) 
thrown [s\open\src\hotspot\share\interpreter\linkResolver.cpp, line 773]
Event: 33.436 Thread 0x0000028dab4467a0 Exception <a 'java/lang/NoSuchMethodError'{0x000000008adbba70}: 'int java.lang.invoke.DirectMethodHandle$Holder.invokeVirtual(java.lang.Object, java.lang.Object)'> (0x000000008adbba70) 
thrown [s\open\src\hotspot\share\interpreter\linkResolver.cpp, line 773]
Event: 33.530 Thread 0x0000028dab4467a0 Exception <a 'java/io/FileNotFoundException'{0x0000000089c52028}> (0x0000000089c52028) 
thrown [s\open\src\hotspot\share\prims\jni.cpp, line 520]
Event: 33.530 Thread 0x0000028dab4467a0 Exception <a 'java/io/FileNotFoundException'{0x0000000089c536f8}> (0x0000000089c536f8) 
thrown [s\open\src\hotspot\share\prims\jni.cpp, line 520]
Event: 33.530 Thread 0x0000028dab4467a0 Exception <a 'java/io/FileNotFoundException'{0x0000000089c57ba8}> (0x0000000089c57ba8) 
thrown [s\open\src\hotspot\share\prims\jni.cpp, line 520]
Event: 33.530 Thread 0x0000028dab4467a0 Exception <a 'java/io/FileNotFoundException'{0x0000000089c58ce8}> (0x0000000089c58ce8) 
thrown [s\open\src\hotspot\share\prims\jni.cpp, line 520]
Event: 33.579 Thread 0x0000028dab446110 Exception <a 'java/lang/NoSuchMethodError'{0x000000008c067128}: 'java.lang.Object java.lang.invoke.DirectMethodHandle$Holder.invokeStaticInit(java.lang.Object, int)'> (0x000000008c067128) 
thrown [s\open\src\hotspot\share\interpreter\linkResolver.cpp, line 773]
Event: 40.525 Thread 0x0000028dab4467a0 Exception <a 'java/lang/NoSuchMethodError'{0x000000008bba6448}: 'void java.lang.invoke.DirectMethodHandle$Holder.invokeSpecial(java.lang.Object, java.lang.Object, int, int)'> (0x000000008bba6448) 
thrown [s\open\src\hotspot\share\interpreter\linkResolver.cpp, line 773]
Event: 40.526 Thread 0x0000028dab4467a0 Exception <a 'java/lang/NoSuchMethodError'{0x000000008bbac240}: 'java.lang.Object java.lang.invoke.DirectMethodHandle$Holder.newInvokeSpecial(java.lang.Object, java.lang.Object, int, int)'> (0x000000008bbac240) 
thrown [s\open\src\hotspot\share\interpreter\linkResolver.cpp, line 773]
Event: 40.526 Thread 0x0000028dab4467a0 Exception <a 'java/lang/NoSuchMethodError'{0x000000008bbb01a0}: 'java.lang.Object java.lang.invoke.DirectMethodHandle$Holder.invokeSpecial(java.lang.Object, java.lang.Object, java.lang.Object, int, int)'> (0x000000008bbb01a0) 
thrown [s\open\src\hotspot\share\interpreter\linkResolver.cpp, line 773]
Event: 49.781 Thread 0x0000028dab4467a0 Implicit null exception at 0x0000028d9eeba602 to 0x0000028d9eebb120
Event: 49.782 Thread 0x0000028dab4467a0 Implicit null exception at 0x0000028d9ee624e5 to 0x0000028d9ee62cbc

ZGC Phase Switch (0 events):
No events

VM Operations (20 events):
Event: 45.335 Executing VM operation: Cleanup done
Event: 45.977 Executing VM operation: HandshakeAllThreads (Deoptimize)
Event: 45.977 Executing VM operation: HandshakeAllThreads (Deoptimize) done
Event: 46.977 Executing VM operation: Cleanup
Event: 46.977 Executing VM operation: Cleanup done
Event: 48.978 Executing VM operation: Cleanup
Event: 48.978 Executing VM operation: Cleanup done
Event: 49.979 Executing VM operation: Cleanup
Event: 49.979 Executing VM operation: Cleanup done
Event: 50.979 Executing VM operation: Cleanup
Event: 50.979 Executing VM operation: Cleanup done
Event: 51.980 Executing VM operation: Cleanup
Event: 51.980 Executing VM operation: Cleanup done
Event: 53.981 Executing VM operation: Cleanup
Event: 53.981 Executing VM operation: Cleanup done
Event: 54.982 Executing VM operation: Cleanup
Event: 54.982 Executing VM operation: Cleanup done
Event: 55.982 Executing VM operation: Cleanup
Event: 55.982 Executing VM operation: Cleanup done
Event: 57.764 Executing VM operation: Exit

Events (20 events):
Event: 41.474 Thread 0x0000028dfe8c9060 Thread exited: 0x0000028dfe8c9060
Event: 41.477 Thread 0x0000028dfed30cb0 Thread exited: 0x0000028dfed30cb0
Event: 42.407 Thread 0x0000028dfe8c9060 Thread added: 0x0000028dfe8c9060
Event: 42.590 Thread 0x0000028dfe8c9060 Thread exited: 0x0000028dfe8c9060
Event: 43.436 Thread 0x0000028dfe8c9060 Thread added: 0x0000028dfe8c9060
Event: 43.436 Thread 0x0000028dfee17460 Thread added: 0x0000028dfee17460
Event: 43.634 Thread 0x0000028dfee17460 Thread exited: 0x0000028dfee17460
Event: 43.988 Thread 0x0000028dfe8c9060 Thread exited: 0x0000028dfe8c9060
Event: 45.958 Thread 0x0000028df8bbabf0 Thread added: 0x0000028df8bbabf0
Event: 45.964 Thread 0x0000028df287e060 Thread added: 0x0000028df287e060
Event: 46.201 Thread 0x0000028df287e060 Thread exited: 0x0000028df287e060
Event: 46.201 Thread 0x0000028df8bbabf0 Thread exited: 0x0000028df8bbabf0
Event: 49.771 Thread 0x0000028df2a45280 Thread added: 0x0000028df2a45280
Event: 49.771 Thread 0x0000028dff0a9dd0 Thread added: 0x0000028dff0a9dd0
Event: 50.268 Thread 0x0000028dff0a9dd0 Thread exited: 0x0000028dff0a9dd0
Event: 50.268 Thread 0x0000028df2a45280 Thread exited: 0x0000028df2a45280
Event: 57.763 Thread 0x0000028df2456230 Thread added: 0x0000028df2456230
Event: 57.763 Thread 0x0000028df2459d40 Thread added: 0x0000028df2459d40
Event: 57.763 Thread 0x0000028df2456230 Thread exited: 0x0000028df2456230
Event: 57.763 Thread 0x0000028df2459d40 Thread exited: 0x0000028df2459d40


Dynamic libraries:
0x00007ff6375f0000 - 0x00007ff637600000 	C:\Program Files\Java\jdk-21\bin\java.exe
0x00007fffe5ef0000 - 0x00007fffe6107000 	C:\WINDOWS\SYSTEM32\ntdll.dll
0x00007fffe51f0000 - 0x00007fffe52b4000 	C:\WINDOWS\System32\KERNEL32.DLL
0x00007fffe3210000 - 0x00007fffe35bd000 	C:\WINDOWS\System32\KERNELBASE.dll
0x00007fffe3a40000 - 0x00007fffe3b51000 	C:\WINDOWS\System32\ucrtbase.dll
0x00007fffbef00000 - 0x00007fffbef19000 	C:\Program Files\Java\jdk-21\bin\jli.dll
0x00007fffbc910000 - 0x00007fffbc92b000 	C:\Program Files\Java\jdk-21\bin\VCRUNTIME140.dll
0x00007fffe5520000 - 0x00007fffe55d2000 	C:\WINDOWS\System32\ADVAPI32.dll
0x00007fffe3ff0000 - 0x00007fffe4097000 	C:\WINDOWS\System32\msvcrt.dll
0x00007fffe5a00000 - 0x00007fffe5aa9000 	C:\WINDOWS\System32\sechost.dll
0x00007fffe3920000 - 0x00007fffe3948000 	C:\WINDOWS\System32\bcrypt.dll
0x00007fffe3e70000 - 0x00007fffe3f84000 	C:\WINDOWS\System32\RPCRT4.dll
0x00007fffe3c20000 - 0x00007fffe3dce000 	C:\WINDOWS\System32\USER32.dll
0x00007fffbeac0000 - 0x00007fffbed53000 	C:\WINDOWS\WinSxS\amd64_microsoft.windows.common-controls_6595b64144ccf1df_6.0.22621.3672_none_2713b9d173822955\COMCTL32.dll
0x00007fffe35c0000 - 0x00007fffe35e6000 	C:\WINDOWS\System32\win32u.dll
0x00007fffe52e0000 - 0x00007fffe5309000 	C:\WINDOWS\System32\GDI32.dll
0x00007fffe3800000 - 0x00007fffe3919000 	C:\WINDOWS\System32\gdi32full.dll
0x00007fffe3760000 - 0x00007fffe37fa000 	C:\WINDOWS\System32\msvcp_win.dll
0x00007fffdbfc0000 - 0x00007fffdbfca000 	C:\WINDOWS\SYSTEM32\VERSION.dll
0x00007fffe5e50000 - 0x00007fffe5e81000 	C:\WINDOWS\System32\IMM32.DLL
0x00007fffd9dc0000 - 0x00007fffd9dcc000 	C:\Program Files\Java\jdk-21\bin\vcruntime140_1.dll
0x00007fff826b0000 - 0x00007fff8273e000 	C:\Program Files\Java\jdk-21\bin\msvcp140.dll
0x00007fff642b0000 - 0x00007fff64fc7000 	C:\Program Files\Java\jdk-21\bin\server\jvm.dll
0x00007fffe3df0000 - 0x00007fffe3e61000 	C:\WINDOWS\System32\WS2_32.dll
0x00007fffe2e80000 - 0x00007fffe2ecd000 	C:\WINDOWS\SYSTEM32\POWRPROF.dll
0x00007fffda410000 - 0x00007fffda444000 	C:\WINDOWS\SYSTEM32\WINMM.dll
0x00007fffe2b90000 - 0x00007fffe2ba3000 	C:\WINDOWS\SYSTEM32\UMPDC.dll
0x00007fffe2200000 - 0x00007fffe2218000 	C:\WINDOWS\SYSTEM32\kernel.appcore.dll
0x00007fffc8a50000 - 0x00007fffc8a5a000 	C:\Program Files\Java\jdk-21\bin\jimage.dll
0x00007fffe0690000 - 0x00007fffe08c2000 	C:\WINDOWS\SYSTEM32\DBGHELP.DLL
0x00007fffe5ac0000 - 0x00007fffe5e4e000 	C:\WINDOWS\System32\combase.dll
0x00007fffe5440000 - 0x00007fffe5517000 	C:\WINDOWS\System32\OLEAUT32.dll
0x00007fffb8d50000 - 0x00007fffb8d82000 	C:\WINDOWS\SYSTEM32\dbgcore.DLL
0x00007fffe39c0000 - 0x00007fffe3a3b000 	C:\WINDOWS\System32\bcryptPrimitives.dll
0x00007fffbbba0000 - 0x00007fffbbbbf000 	C:\Program Files\Java\jdk-21\bin\java.dll
0x00007fffe47c0000 - 0x00007fffe5027000 	C:\WINDOWS\System32\SHELL32.dll
0x00007fffe1140000 - 0x00007fffe1a3f000 	C:\WINDOWS\SYSTEM32\windows.storage.dll
0x00007fffe1000000 - 0x00007fffe113f000 	C:\WINDOWS\SYSTEM32\wintypes.dll
0x00007fffe58f0000 - 0x00007fffe59e9000 	C:\WINDOWS\System32\SHCORE.dll
0x00007fffe5360000 - 0x00007fffe53be000 	C:\WINDOWS\System32\shlwapi.dll
0x00007fffe3140000 - 0x00007fffe3167000 	C:\WINDOWS\SYSTEM32\profapi.dll
0x00007fff8a8f0000 - 0x00007fff8a9c7000 	C:\Program Files\Java\jdk-21\bin\jsvml.dll
0x00007fffc88c0000 - 0x00007fffc88d0000 	C:\Program Files\Java\jdk-21\bin\net.dll
0x00007fffdf5d0000 - 0x00007fffdf706000 	C:\WINDOWS\SYSTEM32\WINHTTP.dll
0x00007fffe26d0000 - 0x00007fffe2739000 	C:\WINDOWS\system32\mswsock.dll
0x00007fffa55b0000 - 0x00007fffa55c6000 	C:\Program Files\Java\jdk-21\bin\nio.dll
0x00007fff9b4b0000 - 0x00007fff9b4c8000 	C:\Program Files\Java\jdk-21\bin\zip.dll
0x0000028dab9a0000 - 0x0000028dab9a3000 	C:\Users\User\.openjfx\cache\13\api-ms-win-core-console-l1-1-0.dll
0x0000028dab9b0000 - 0x0000028dab9b3000 	C:\Users\User\.openjfx\cache\13\api-ms-win-core-datetime-l1-1-0.dll
0x0000028dab9c0000 - 0x0000028dab9c3000 	C:\Users\User\.openjfx\cache\13\api-ms-win-core-debug-l1-1-0.dll
0x0000028dab9d0000 - 0x0000028dab9d3000 	C:\Users\User\.openjfx\cache\13\api-ms-win-core-errorhandling-l1-1-0.dll
0x0000028dab9e0000 - 0x0000028dab9e4000 	C:\Users\User\.openjfx\cache\13\api-ms-win-core-file-l1-1-0.dll
0x0000028dab9f0000 - 0x0000028dab9f3000 	C:\Users\User\.openjfx\cache\13\api-ms-win-core-file-l1-2-0.dll
0x0000028daba00000 - 0x0000028daba03000 	C:\Users\User\.openjfx\cache\13\api-ms-win-core-file-l2-1-0.dll
0x0000028daba10000 - 0x0000028daba13000 	C:\Users\User\.openjfx\cache\13\api-ms-win-core-handle-l1-1-0.dll
0x0000028daba20000 - 0x0000028daba23000 	C:\Users\User\.openjfx\cache\13\api-ms-win-core-heap-l1-1-0.dll
0x0000028daba30000 - 0x0000028daba33000 	C:\Users\User\.openjfx\cache\13\api-ms-win-core-interlocked-l1-1-0.dll
0x0000028daba40000 - 0x0000028daba43000 	C:\Users\User\.openjfx\cache\13\api-ms-win-core-libraryloader-l1-1-0.dll
0x0000028daba50000 - 0x0000028daba53000 	C:\Users\User\.openjfx\cache\13\api-ms-win-core-localization-l1-2-0.dll
0x0000028daba60000 - 0x0000028daba63000 	C:\Users\User\.openjfx\cache\13\api-ms-win-core-memory-l1-1-0.dll
0x0000028daba70000 - 0x0000028daba73000 	C:\Users\User\.openjfx\cache\13\api-ms-win-core-namedpipe-l1-1-0.dll
0x0000028daba80000 - 0x0000028daba83000 	C:\Users\User\.openjfx\cache\13\api-ms-win-core-processenvironment-l1-1-0.dll
0x0000028daba90000 - 0x0000028daba93000 	C:\Users\User\.openjfx\cache\13\api-ms-win-core-processthreads-l1-1-0.dll
0x0000028dabaa0000 - 0x0000028dabaa3000 	C:\Users\User\.openjfx\cache\13\api-ms-win-core-processthreads-l1-1-1.dll
0x0000028dabab0000 - 0x0000028dabab3000 	C:\Users\User\.openjfx\cache\13\api-ms-win-core-profile-l1-1-0.dll
0x0000028dabac0000 - 0x0000028dabac3000 	C:\Users\User\.openjfx\cache\13\api-ms-win-core-rtlsupport-l1-1-0.dll
0x0000028dabad0000 - 0x0000028dabad3000 	C:\Users\User\.openjfx\cache\13\api-ms-win-core-string-l1-1-0.dll
0x0000028dabae0000 - 0x0000028dabae3000 	C:\Users\User\.openjfx\cache\13\api-ms-win-core-synch-l1-1-0.dll
0x0000028dabaf0000 - 0x0000028dabaf3000 	C:\Users\User\.openjfx\cache\13\api-ms-win-core-synch-l1-2-0.dll
0x0000028dabb00000 - 0x0000028dabb03000 	C:\Users\User\.openjfx\cache\13\api-ms-win-core-sysinfo-l1-1-0.dll
0x0000028dabb10000 - 0x0000028dabb13000 	C:\Users\User\.openjfx\cache\13\api-ms-win-core-timezone-l1-1-0.dll
0x0000028dabb20000 - 0x0000028dabb23000 	C:\Users\User\.openjfx\cache\13\api-ms-win-core-util-l1-1-0.dll
0x0000028dabb30000 - 0x0000028dabb33000 	C:\Users\User\.openjfx\cache\13\api-ms-win-crt-conio-l1-1-0.dll
0x0000028dabb40000 - 0x0000028dabb44000 	C:\Users\User\.openjfx\cache\13\api-ms-win-crt-convert-l1-1-0.dll
0x0000028dabb50000 - 0x0000028dabb53000 	C:\Users\User\.openjfx\cache\13\api-ms-win-crt-environment-l1-1-0.dll
0x0000028dabb60000 - 0x0000028dabb63000 	C:\Users\User\.openjfx\cache\13\api-ms-win-crt-filesystem-l1-1-0.dll
0x0000028dabb70000 - 0x0000028dabb73000 	C:\Users\User\.openjfx\cache\13\api-ms-win-crt-heap-l1-1-0.dll
0x0000028dabb80000 - 0x0000028dabb83000 	C:\Users\User\.openjfx\cache\13\api-ms-win-crt-locale-l1-1-0.dll
0x0000028dabb90000 - 0x0000028dabb95000 	C:\Users\User\.openjfx\cache\13\api-ms-win-crt-math-l1-1-0.dll
0x0000028dabba0000 - 0x0000028dabba5000 	C:\Users\User\.openjfx\cache\13\api-ms-win-crt-multibyte-l1-1-0.dll
0x0000028dabbb0000 - 0x0000028dabbc0000 	C:\Users\User\.openjfx\cache\13\api-ms-win-crt-private-l1-1-0.dll
0x0000028dabbc0000 - 0x0000028dabbc3000 	C:\Users\User\.openjfx\cache\13\api-ms-win-crt-process-l1-1-0.dll
0x0000028dabbd0000 - 0x0000028dabbd4000 	C:\Users\User\.openjfx\cache\13\api-ms-win-crt-runtime-l1-1-0.dll
0x0000028dabbe0000 - 0x0000028dabbe4000 	C:\Users\User\.openjfx\cache\13\api-ms-win-crt-stdio-l1-1-0.dll
0x0000028dabbf0000 - 0x0000028dabbf4000 	C:\Users\User\.openjfx\cache\13\api-ms-win-crt-string-l1-1-0.dll
0x0000028dabc00000 - 0x0000028dabc03000 	C:\Users\User\.openjfx\cache\13\api-ms-win-crt-time-l1-1-0.dll
0x0000028dabc10000 - 0x0000028dabc13000 	C:\Users\User\.openjfx\cache\13\api-ms-win-crt-utility-l1-1-0.dll
0x00007fff8b0c0000 - 0x00007fff8b1bc000 	C:\Users\User\.openjfx\cache\13\ucrtbase.dll
0x00007fffb7050000 - 0x00007fffb7065000 	C:\Users\User\.openjfx\cache\13\vcruntime140.dll
0x00007fff8b020000 - 0x00007fff8b0bb000 	C:\Users\User\.openjfx\cache\13\msvcp140.dll
0x00007fff8f180000 - 0x00007fff8f1d1000 	C:\Users\User\.openjfx\cache\13\concrt140.dll
0x00007fffb7020000 - 0x00007fffb7043000 	C:\Users\User\.openjfx\cache\13\prism_d3d.dll
0x00007fff90c60000 - 0x00007fff90e08000 	C:\WINDOWS\system32\d3d9.dll
0x00007fffe05a0000 - 0x00007fffe05cb000 	C:\WINDOWS\SYSTEM32\dwmapi.dll
0x00007fffe0430000 - 0x00007fffe0467000 	C:\WINDOWS\SYSTEM32\dxcore.dll
0x00007fffe00e0000 - 0x00007fffe0191000 	C:\WINDOWS\system32\uxtheme.dll
0x00007fff909f0000 - 0x00007fff90c53000 	C:\WINDOWS\System32\DriverStore\FileRepository\iigd_dch.inf_amd64_46a183a099a0cf25\igdumdim64.dll
0x00007fffe4520000 - 0x00007fffe46c5000 	C:\WINDOWS\System32\ole32.dll
0x00007fff6e3e0000 - 0x00007fff6f74f000 	C:\WINDOWS\System32\DriverStore\FileRepository\iigd_dch.inf_amd64_46a183a099a0cf25\igd9dxva64.dll
0x00007fffe40a0000 - 0x00007fffe4514000 	C:\WINDOWS\System32\SETUPAPI.dll
0x00007fffe2f00000 - 0x00007fffe2f4e000 	C:\WINDOWS\SYSTEM32\cfgmgr32.dll
0x00007fff4edb0000 - 0x00007fff50adb000 	C:\WINDOWS\System32\DriverStore\FileRepository\iigd_dch.inf_amd64_46a183a099a0cf25\media_bin_64.dll
0x00007fffd68a0000 - 0x00007fffd6cde000 	C:\WINDOWS\System32\DriverStore\FileRepository\iigd_dch.inf_amd64_46a183a099a0cf25\igdgmm64.dll
0x00007fffd93a0000 - 0x00007fffd93e9000 	C:\WINDOWS\SYSTEM32\directxdatabasehelper.dll
0x00007fff931f0000 - 0x00007fff93235000 	C:\Users\User\.openjfx\cache\13\glass.dll
0x00007fffe55e0000 - 0x00007fffe56df000 	C:\WINDOWS\System32\COMDLG32.dll
0x00007fffe56e0000 - 0x00007fffe583e000 	C:\WINDOWS\System32\MSCTF.dll
0x00007fffa54d0000 - 0x00007fffa54f7000 	C:\WINDOWS\System32\DriverStore\FileRepository\iigd_dch.inf_amd64_46a183a099a0cf25\igdinfo64.dll
0x00007fffd0eb0000 - 0x00007fffd4f04000 	C:\WINDOWS\System32\DriverStore\FileRepository\iigd_dch.inf_amd64_46a183a099a0cf25\igc64.dll
0x00007fffe1d20000 - 0x00007fffe1e18000 	C:\WINDOWS\SYSTEM32\DNSAPI.dll
0x00007fffe1cb0000 - 0x00007fffe1cdd000 	C:\WINDOWS\SYSTEM32\IPHLPAPI.DLL
0x00007fffe3dd0000 - 0x00007fffe3dd9000 	C:\WINDOWS\System32\NSI.dll
0x00007fffdbf90000 - 0x00007fffdbf9a000 	C:\Windows\System32\rasadhlp.dll
0x00007fffdbfd0000 - 0x00007fffdc053000 	C:\WINDOWS\System32\fwpuclnt.dll
0x00007fffb7000000 - 0x00007fffb7014000 	C:\Users\User\.openjfx\cache\13\javafx_font.dll
0x00007fffdacf0000 - 0x00007fffdaf63000 	C:\WINDOWS\SYSTEM32\dwrite.dll
0x00007fffe5840000 - 0x00007fffe58f0000 	C:\WINDOWS\System32\clbcatq.dll
0x00007fffdfe60000 - 0x00007fffe0011000 	C:\WINDOWS\SYSTEM32\WindowsCodecs.dll
0x00007fffaa390000 - 0x00007fffaa3ee000 	C:\WINDOWS\system32\dataexchange.dll
0x00007fffd79f0000 - 0x00007fffd7c7a000 	C:\WINDOWS\system32\twinapi.appcore.dll
0x00007fff91cb0000 - 0x00007fff91ce2000 	C:\Program Files\Common Files\Microsoft Shared\Ink\rtscom.dll
0x00007fffc86c0000 - 0x00007fffc8803000 	C:\WINDOWS\SYSTEM32\textinputframework.dll
0x00007fffdbc80000 - 0x00007fffdbdb3000 	C:\WINDOWS\SYSTEM32\CoreMessaging.dll
0x00007fffd8a00000 - 0x00007fffd8d6d000 	C:\WINDOWS\SYSTEM32\CoreUIComponents.dll
0x00007fffe2940000 - 0x00007fffe294c000 	C:\WINDOWS\SYSTEM32\CRYPTBASE.DLL
0x00007fffdaf70000 - 0x00007fffdb55e000 	C:\WINDOWS\SYSTEM32\d2d1.dll
0x00007fffdaa90000 - 0x00007fffdace7000 	C:\WINDOWS\SYSTEM32\d3d11.dll
0x00007fffe0470000 - 0x00007fffe0567000 	C:\WINDOWS\SYSTEM32\dxgi.dll

dbghelp: loaded successfully - version: 4.0.5 - missing functions: none
symbol engine: initialized successfully - sym options: 0x614 - pdb path: .;C:\Program Files\Java\jdk-21\bin;C:\WINDOWS\SYSTEM32;C:\WINDOWS\WinSxS\amd64_microsoft.windows.common-controls_6595b64144ccf1df_6.0.22621.3672_none_2713b9d173822955;C:\Program Files\Java\jdk-21\bin\server;C:\Users\User\.openjfx\cache\13;C:\WINDOWS\System32\DriverStore\FileRepository\iigd_dch.inf_amd64_46a183a099a0cf25;C:\Program Files\Common Files\Microsoft Shared\Ink

VM Arguments:
jvm_args: --module-path=C:\Users\User\Documents\NetBeansProjects\Inventario\Inventario\target\classes;C:\Users\User\.m2\repository\at\favre\lib\bcrypt\0.9.0\bcrypt-0.9.0.jar;C:\Users\User\.m2\repository\com\sun\mail\javax.mail\1.6.2\javax.mail-1.6.2.jar;C:\Users\User\.m2\repository\net\sf\jasperreports\jasperreports\6.20.0\jasperreports-6.20.0.jar;C:\Users\User\.m2\repository\org\openjfx\javafx-base\13\javafx-base-13-win.jar;C:\Users\User\.m2\repository\org\openjfx\javafx-controls\13\javafx-controls-13-win.jar;C:\Users\User\.m2\repository\org\openjfx\javafx-fxml\13\javafx-fxml-13-win.jar;C:\Users\User\.m2\repository\org\openjfx\javafx-graphics\13\javafx-graphics-13-win.jar;C:\Users\User\.m2\repository\org\openjfx\javafx-swing\24-ea+5\javafx-swing-24-ea+5-win.jar --add-modules=com.mycompany.inventario -Djdk.module.main=com.mycompany.inventario 
java_command: com.mycompany.inventario/com.mycompany.inventario.App
java_class_path (initial): C:\Users\User\Documents\NetBeansProjects\Inventario\Inventario\target\classes;C:\Users\User\.m2\repository\at\favre\lib\bytes\1.3.0\bytes-1.3.0.jar;C:\Users\User\.m2\repository\com\fasterxml\jackson\core\jackson-annotations\2.13.3\jackson-annotations-2.13.3.jar;C:\Users\User\.m2\repository\com\fasterxml\jackson\core\jackson-core\2.13.3\jackson-core-2.13.3.jar;C:\Users\User\.m2\repository\com\fasterxml\jackson\core\jackson-databind\2.13.3\jackson-databind-2.13.3.jar;C:\Users\User\.m2\repository\com\fasterxml\jackson\dataformat\jackson-dataformat-xml\2.13.3\jackson-dataformat-xml-2.13.3.jar;C:\Users\User\.m2\repository\com\fasterxml\woodstox\woodstox-core\6.2.7\woodstox-core-6.2.7.jar;C:\Users\User\.m2\repository\com\google\protobuf\protobuf-java\3.21.9\protobuf-java-3.21.9.jar;C:\Users\User\.m2\repository\com\lowagie\itext\2.1.7.js10\itext-2.1.7.js10.jar;C:\Users\User\.m2\repository\com\mysql\mysql-connector-j\8.0.33\mysql-connector-j-8.0.33.jar;C:\Users\User\.m2\repository\commons-beanutils\commons-beanutils\1.9.4\commons-beanutils-1.9.4.jar;C:\Users\User\.m2\repository\commons-collections\commons-collections\3.2.2\commons-collections-3.2.2.jar;C:\Users\User\.m2\repository\commons-digester\commons-digester\2.1\commons-digester-2.1.jar;C:\Users\User\.m2\repository\commons-logging\commons-logging\1.1.1\commons-logging-1.1.1.jar;C:\Users\User\.m2\repository\javax\activation\activation\1.1\activation-1.1.jar;C:\Users\User\.m2\repository\org\apache\commons\commons-collections4\4.2\commons-collections4-4.2.jar;C:\Users\User\.m2\repository\org\bouncycastle\bcprov-jdk15on\1.70\bcprov-jdk15on-1.70.jar;C:\Users\User\.m2\repository\org\bouncycastle\bcutil-jdk15on\1.70\bcutil-jdk15on-1.70.jar;C:\Users\User\.m2\repository\org\codehaus\woodstox\stax2-api\4.2.1\stax2-api-4.2.1.jar;C:\Users\User\.m2\repository\org\eclipse\jdt\ecj\3.21.0\ecj-3.21.0.jar;C:\Users\User\.m2\repository\org\jfree\jcommon\1.0.23\jcommon-1.0.23.jar;C:\Users\User\.m2\repository\org\jfree\jfreechart\1.0.19\jfreechart-1.0.19.jar;C:\Users\User\.m2\repository\org\openjfx\javafx-base\13\javafx-base-13.jar;C:\Users\User\.m2\repository\org\openjfx\javafx-controls\13\javafx-controls-13.jar;C:\Users\User\.m2\repository\org\openjfx\javafx-fxml\13\javafx-fxml-13.jar;C:\Users\User\.m2\repository\org\openjfx\javafx-graphics\13\javafx-graphics-13.jar;C:\Users\User\.m2\repository\org\openjfx\javafx-swing\24-ea+5\javafx-swing-24-ea+5.jar
Launcher Type: SUN_STANDARD

[Global flags]
     intx CICompilerCount                          = 4                                         {product} {ergonomic}
     uint ConcGCThreads                            = 2                                         {product} {ergonomic}
     uint G1ConcRefinementThreads                  = 8                                         {product} {ergonomic}
   size_t G1HeapRegionSize                         = 1048576                                   {product} {ergonomic}
    uintx GCDrainStackTargetSize                   = 64                                        {product} {ergonomic}
   size_t InitialHeapSize                          = 130023424                                 {product} {ergonomic}
   size_t MarkStackSize                            = 4194304                                   {product} {ergonomic}
   size_t MaxHeapSize                              = 2055208960                                {product} {ergonomic}
   size_t MaxNewSize                               = 1233125376                                {product} {ergonomic}
   size_t MinHeapDeltaBytes                        = 1048576                                   {product} {ergonomic}
   size_t MinHeapSize                              = 8388608                                   {product} {ergonomic}
    uintx NonNMethodCodeHeapSize                   = 5839372                                {pd product} {ergonomic}
    uintx NonProfiledCodeHeapSize                  = 122909434                              {pd product} {ergonomic}
    uintx ProfiledCodeHeapSize                     = 122909434                              {pd product} {ergonomic}
    uintx ReservedCodeCacheSize                    = 251658240                              {pd product} {ergonomic}
     bool SegmentedCodeCache                       = true                                      {product} {ergonomic}
   size_t SoftMaxHeapSize                          = 2055208960                             {manageable} {ergonomic}
     bool UseCompressedOops                        = true                           {product lp64_product} {ergonomic}
     bool UseG1GC                                  = true                                      {product} {ergonomic}
     bool UseLargePagesIndividualAllocation        = false                                  {pd product} {ergonomic}

Logging:
Log output configuration:
 #0: stdout all=off uptime,level,tags foldmultilines=false
 #1: stderr all=off uptime,level,tags foldmultilines=false

Environment Variables:
JAVA_HOME=C:\Program Files\Java\jdk-21
PATH=C:\Program Files\Common Files\Oracle\Java\javapath;C:\Program Files (x86)\Common Files\Oracle\Java\javapath;C:\ProgramData\Oracle\Java\javapath;C:\WINDOWS\system32;C:\WINDOWS;C:\WINDOWS\System32\Wbem;C:\WINDOWS\System32\WindowsPowerShell\v1.0\;C:\WINDOWS\System32\OpenSSH\;C:\msys64\mingw64\bin;C:\Program Files\Python;C:\Program Files\Java\jdk-21\bin;C:\Python;C:\Python\Scripts;C:\Program Files\dotnet\;C:\Program Files\Git\cmd;C:\Users\User\AppData\Local\Microsoft\WindowsApps;C:\Users\User\AppData\Local\Programs\Microsoft VS Code\bin;C:\SRC\sqlite-tools-win32-x86-3400100;C:\Program Files\JetBrains\PyCharm Community Edition 2023.2.3\bin;;C:\Python\;C:\Python\Scripts;C:\Users\User\.dotnet\tools
USERNAME=User
OS=Windows_NT
PROCESSOR_IDENTIFIER=Intel64 Family 6 Model 140 Stepping 1, GenuineIntel
TMP=C:\Users\User\AppData\Local\Temp
TEMP=C:\Users\User\AppData\Local\Temp




Periodic native trim disabled

---------------  S Y S T E M  ---------------

OS:
 Windows 11 , 64 bit Build 22621 (10.0.22621.3958)
OS uptime: 0 days 11:10 hours
Hyper-V role detected

CPU: total 8 (initial active 8) (4 cores per cpu, 2 threads per core) family 6 model 140 stepping 1 microcode 0xb4, cx8, cmov, fxsr, ht, mmx, 3dnowpref, sse, sse2, sse3, ssse3, sse4.1, sse4.2, popcnt, lzcnt, tsc, tscinvbit, avx, avx2, aes, erms, clmul, bmi1, bmi2, adx, avx512f, avx512dq, avx512cd, avx512bw, avx512vl, sha, fma, vzeroupper, avx512_vpopcntdq, avx512_vpclmulqdq, avx512_vaes, avx512_vnni, clflush, clflushopt, clwb, avx512_vbmi2, avx512_vbmi, hv, rdtscp, rdpid, fsrm, gfni, avx512_bitalg, f16c, cet_ibt, cet_ss, avx512_ifma
Processor Information for processor 0
  Max Mhz: 2401, Current Mhz: 2400, Mhz Limit: 2376
Processor Information for processor 1
  Max Mhz: 2401, Current Mhz: 2400, Mhz Limit: 2376
Processor Information for processor 2
  Max Mhz: 2401, Current Mhz: 2400, Mhz Limit: 2376
Processor Information for processor 3
  Max Mhz: 2401, Current Mhz: 1100, Mhz Limit: 2376
Processor Information for processor 4
  Max Mhz: 2401, Current Mhz: 1100, Mhz Limit: 2376
Processor Information for processor 5
  Max Mhz: 2401, Current Mhz: 1100, Mhz Limit: 2376
Processor Information for processor 6
  Max Mhz: 2401, Current Mhz: 1100, Mhz Limit: 2376
Processor Information for processor 7
  Max Mhz: 2401, Current Mhz: 1100, Mhz Limit: 2376

Memory: 4k page, system-wide physical 7834M (1209M free)
TotalPageFile size 11226M (AvailPageFile size 1187M)
current process WorkingSet (physical memory assigned to process): 346M, peak: 359M
current process commit charge ("private bytes"): 392M, peak: 407M

vm_info: Java HotSpot(TM) 64-Bit Server VM (21.0.2+13-LTS-58) for windows-amd64 JRE (21.0.2+13-LTS-58), built on 2024-01-05T18:32:24Z by "mach5one" with MS VC++ 17.1 (VS2022)

END.
